  CubeDetection_pixAvg.cpp
c:\projects\c++\git\rubikscube\rubiks-cube\cubedetection\cubedetection\cubedetection_pixavg.cpp(114): warning C4244: '=': conversion from 'const T' to 'unsigned char', possible loss of data
          with
          [
              T=float
          ]
c:\projects\c++\git\rubikscube\rubiks-cube\cubedetection\cubedetection\cubedetection_pixavg.cpp(115): warning C4244: '=': conversion from 'const T' to 'unsigned char', possible loss of data
          with
          [
              T=float
          ]
c:\projects\c++\git\rubikscube\rubiks-cube\cubedetection\cubedetection\cubedetection_pixavg.cpp(116): warning C4244: '=': conversion from 'const T' to 'unsigned char', possible loss of data
          with
          [
              T=float
          ]
c:\projects\c++\git\rubikscube\rubiks-cube\cubedetection\cubedetection\cubedetection_pixavg.cpp(47): warning C4101: 'rgb': unreferenced local variable
c:\projects\c++\git\rubikscube\rubiks-cube\cubedetection\cubedetection\cubedetection_pixavg.cpp(47): warning C4101: 'pixel': unreferenced local variable
c:\projects\c++\git\rubikscube\rubiks-cube\cubedetection\cubedetection\cubedetection_pixavg.cpp(288): warning C4018: '<': signed/unsigned mismatch
c:\projects\c++\git\rubikscube\rubiks-cube\cubedetection\cubedetection\cubedetection_pixavg.cpp(265): warning C4101: 'bmin': unreferenced local variable
c:\projects\c++\git\rubikscube\rubiks-cube\cubedetection\cubedetection\cubedetection_pixavg.cpp(260): warning C4101: 'counter': unreferenced local variable
c:\projects\c++\git\rubikscube\rubiks-cube\cubedetection\cubedetection\cubedetection_pixavg.cpp(264): warning C4101: 'gmin': unreferenced local variable
c:\projects\c++\git\rubikscube\rubiks-cube\cubedetection\cubedetection\cubedetection_pixavg.cpp(263): warning C4101: 'rmax': unreferenced local variable
c:\projects\c++\git\rubikscube\rubiks-cube\cubedetection\cubedetection\cubedetection_pixavg.cpp(264): warning C4101: 'gmax': unreferenced local variable
c:\projects\c++\git\rubikscube\rubiks-cube\cubedetection\cubedetection\cubedetection_pixavg.cpp(263): warning C4101: 'rmin': unreferenced local variable
c:\projects\c++\git\rubikscube\rubiks-cube\cubedetection\cubedetection\cubedetection_pixavg.cpp(265): warning C4101: 'bmax': unreferenced local variable
c:\projects\c++\git\rubikscube\rubiks-cube\cubedetection\cubedetection\cubedetection_pixavg.cpp(303): warning C4018: '<': signed/unsigned mismatch
c:\projects\c++\git\rubikscube\rubiks-cube\cubedetection\cubedetection\cubedetection_pixavg.cpp(311): warning C4018: '<': signed/unsigned mismatch
  CubeDetection.vcxproj -> C:\Projects\C++\git\rubiksCube\Rubiks-Cube\CubeDetection\Debug\CubeDetection.exe
